<?xml version="1.0" encoding="UTF-8"?>
<testng-results skipped="0" failed="0" ignored="0" total="2" passed="2">
  <reporter-output>
  </reporter-output>
  <suite name="Default suite" duration-ms="116" started-at="2020-01-28T08:56:53 IST" finished-at="2020-01-28T08:56:53 IST">
    <groups>
    </groups>
    <test name="Default test" duration-ms="116" started-at="2020-01-28T08:56:53 IST" finished-at="2020-01-28T08:56:53 IST">
      <class name="level_3_PriorityQueue.MaxPriorityTest">
        <test-method status="PASS" signature="f1()[pri:0, instance:level_3_PriorityQueue.MaxPriorityTest@56235b8e]" name="f1" is-config="true" duration-ms="13" started-at="2020-01-28T08:56:53 IST" finished-at="2020-01-28T08:56:53 IST">
          <reporter-output>
          </reporter-output>
        </test-method> <!-- f1 -->
        <test-method status="PASS" signature="insertTest()[pri:1, instance:level_3_PriorityQueue.MaxPriorityTest@56235b8e]" name="insertTest" duration-ms="9" started-at="2020-01-28T08:56:53 IST" finished-at="2020-01-28T08:56:53 IST">
          <reporter-output>
          </reporter-output>
        </test-method> <!-- insertTest -->
        <test-method status="PASS" signature="f1()[pri:0, instance:level_3_PriorityQueue.MaxPriorityTest@56235b8e]" name="f1" is-config="true" duration-ms="1" started-at="2020-01-28T08:56:53 IST" finished-at="2020-01-28T08:56:53 IST">
          <reporter-output>
          </reporter-output>
        </test-method> <!-- f1 -->
        <test-method status="PASS" signature="removeMaxTest()[pri:0, instance:level_3_PriorityQueue.MaxPriorityTest@56235b8e]" name="removeMaxTest" duration-ms="4" started-at="2020-01-28T08:56:53 IST" depends-on-methods="level_3_PriorityQueue.MaxPriorityTest.insertTest" finished-at="2020-01-28T08:56:53 IST">
          <reporter-output>
          </reporter-output>
        </test-method> <!-- removeMaxTest -->
      </class> <!-- level_3_PriorityQueue.MaxPriorityTest -->
    </test> <!-- Default test -->
  </suite> <!-- Default suite -->
</testng-results>
